x64\debug\kernel.cu.obj
c:\users\grklint7\desktop\2019 고소실 강의자료\2020\11주차\gososil_11주차_실습_배포용\gososil_11\x64\debug\gososil_11.lib
c:\users\grklint7\desktop\2019 고소실 강의자료\2020\11주차\gososil_11주차_실습_배포용\gososil_11\x64\debug\gososil_11.exp
c:\users\grklint7\desktop\2019 고소실 강의자료\2020\11주차\gososil_11주차_실습_배포용\x64\debug\gososil_11.lib
c:\users\grklint7\desktop\2019 고소실 강의자료\2020\11주차\gososil_11주차_실습_배포용\x64\debug\gososil_11.exp
c:\users\grklint7\desktop\2019 고소실 강의자료\2020\11주차\gososil_11주차_실습_배포용\gososil_11\x64\debug\gososil_11.exe
c:\users\grklint7\desktop\2019 고소실 강의자료\2020\11주차\gososil_11주차_실습_배포용\gososil_11\x64\debug\gososil_11.ilk
c:\users\grklint7\desktop\2019 고소실 강의자료\2020\11주차\gososil_11주차_실습_배포용\gososil_11\x64\debug\gososil_11.pdb
c:\users\grklint7\desktop\2019 고소실 강의자료\2020\11주차\gososil_11주차_실습_배포용\x64\debug\gososil_11.exe
c:\users\grklint7\desktop\2019 고소실 강의자료\2020\11주차\gososil_11주차_실습_배포용\x64\debug\gososil_11.ilk
c:\users\grklint7\desktop\2019 고소실 강의자료\2020\11주차\gososil_11주차_실습_배포용\x64\debug\gososil_11.pdb
c:\users\grklint7\desktop\2019 고소실 강의자료\2020\11주차\gososil_11주차_실습_배포용\gososil_11\x64\debug\kernel.cu.cache
c:\users\grklint7\desktop\2019 고소실 강의자료\2020\11주차\gososil_11주차_실습_배포용\gososil_11\x64\debug\kernel.cu.obj
c:\users\grklint7\desktop\2019 고소실 강의자료\2020\11주차\gososil_11주차_실습_배포용\gososil_11\x64\debug\vc141.pdb
c:\users\grklint7\desktop\2019 고소실 강의자료\2020\11주차\gososil_11주차_실습_배포용\gososil_11\x64\debug\gososil_11.tlog\cudacompile.read.1u.tlog
c:\users\grklint7\desktop\2019 고소실 강의자료\2020\11주차\gososil_11주차_실습_배포용\gososil_11\x64\debug\gososil_11.tlog\cudacompile.write.1u.tlog
c:\users\grklint7\desktop\2019 고소실 강의자료\2020\11주차\gososil_11주차_실습_배포용\gososil_11\x64\debug\gososil_11.tlog\gososil_11.write.1u.tlog
c:\users\grklint7\desktop\2019 고소실 강의자료\2020\11주차\gososil_11주차_실습_배포용\gososil_11\x64\debug\gososil_11.tlog\link.command.1.tlog
c:\users\grklint7\desktop\2019 고소실 강의자료\2020\11주차\gososil_11주차_실습_배포용\gososil_11\x64\debug\gososil_11.tlog\link.read.1.tlog
c:\users\grklint7\desktop\2019 고소실 강의자료\2020\11주차\gososil_11주차_실습_배포용\gososil_11\x64\debug\gososil_11.tlog\link.write.1.tlog
