  Compiling CUDA source file kernel.cu...
  
  C:\Users\is7se\Desktop\수업\고소실\11주차\gososil_11_3\gososil_11_3>"C:\Program Files\NVIDIA GPU Computing Toolkit\CUDA\v11.1\bin\nvcc.exe" -gencode=arch=compute_52,code=\"sm_52,compute_52\" --use-local-env -ccbin "C:\Program Files (x86)\Microsoft Visual Studio\2019\Community\VC\Tools\MSVC\14.28.29333\bin\HostX86\x64" -x cu   -I"C:\Program Files\NVIDIA GPU Computing Toolkit\CUDA\v11.1\include" -I"C:\Program Files\NVIDIA GPU Computing Toolkit\CUDA\v11.1\include"  -G   --keep-dir x64\Debug -maxrregcount=0  --machine 64 --compile -cudart static  -g   -DWIN32 -DWIN64 -D_DEBUG -D_CONSOLE -D_MBCS -Xcompiler "/EHsc /W3 /nologo /Od /Fdx64\Debug\vc142.pdb /FS /Zi /RTC1 /MDd " -o x64\Debug\kernel.cu.obj "C:\Users\is7se\Desktop\수업\고소실\11주차\gososil_11_3\gososil_11_3\kernel.cu" 
C:/Users/is7se/Desktop/수업/고소실/11주차/gososil_11_3/gososil_11_3/kernel.cu(262): warning : transfer of control bypasses initialization of:
              variable "dimBlock"
  (276): here
              variable "dimGrid"
  (279): here
  
C:/Users/is7se/Desktop/수업/고소실/11주차/gososil_11_3/gososil_11_3/kernel.cu(262): warning : transfer of control bypasses initialization of:
              variable "dimBlock"
  (276): here
              variable "dimGrid"
  (279): here
  
  kernel.cu
C:/Users/is7se/Desktop/수업/고소실/11주차/gososil_11_3/gososil_11_3/kernel.cu(292): warning C4533: 'dimGrid' 초기화가 'goto Error'에 의해 생략되었습니다.
  C:/Users/is7se/Desktop/수업/고소실/11주차/gososil_11_3/gososil_11_3/kernel.cu(279): note: 'dimGrid' 선언을 참조하십시오.
  C:/Users/is7se/Desktop/수업/고소실/11주차/gososil_11_3/gososil_11_3/kernel.cu(292): note: 'Error' 선언을 참조하십시오.
C:/Users/is7se/Desktop/수업/고소실/11주차/gososil_11_3/gososil_11_3/kernel.cu(292): warning C4533: 'dimBlock' 초기화가 'goto Error'에 의해 생략되었습니다.
  C:/Users/is7se/Desktop/수업/고소실/11주차/gososil_11_3/gososil_11_3/kernel.cu(276): note: 'dimBlock' 선언을 참조하십시오.
  C:/Users/is7se/Desktop/수업/고소실/11주차/gososil_11_3/gososil_11_3/kernel.cu(292): note: 'Error' 선언을 참조하십시오.
  gososil_11_3.vcxproj -> C:\Users\is7se\Desktop\수업\고소실\11주차\gososil_11_3\x64\Debug\gososil_11_3.exe
